<?xml version="1.0" encoding="UTF-8"?>
<testsuite name="kro.co.hoxy129.springboot.web.PostsApiControlerTest" tests="2" skipped="0" failures="0" errors="0" timestamp="2021-07-29T15:12:46" hostname="DESKTOP-RFCHF81" time="0.166">
  <properties/>
  <testcase name="postsCreate" classname="kro.co.hoxy129.springboot.web.PostsApiControlerTest" time="0.141"/>
  <testcase name="postsUpdate" classname="kro.co.hoxy129.springboot.web.PostsApiControlerTest" time="0.024"/>
  <system-out><![CDATA[2021-07-30 00:12:45.209  INFO 10400 --- [    Test worker] .b.t.c.SpringBootTestContextBootstrapper : Neither @ContextConfiguration nor @ContextHierarchy found for test class [kro.co.hoxy129.springboot.web.PostsApiControlerTest], using SpringBootContextLoader
2021-07-30 00:12:45.209  INFO 10400 --- [    Test worker] o.s.t.c.support.AbstractContextLoader    : Could not detect default resource locations for test class [kro.co.hoxy129.springboot.web.PostsApiControlerTest]: no resource found for suffixes {-context.xml, Context.groovy}.
2021-07-30 00:12:45.209  INFO 10400 --- [    Test worker] t.c.s.AnnotationConfigContextLoaderUtils : Could not detect default configuration classes for test class [kro.co.hoxy129.springboot.web.PostsApiControlerTest]: PostsApiControlerTest does not declare any static, non-private, non-final, nested classes annotated with @Configuration.
2021-07-30 00:12:45.209  INFO 10400 --- [    Test worker] .b.t.c.SpringBootTestContextBootstrapper : Found @SpringBootConfiguration kro.co.hoxy129.springboot.Application for test class kro.co.hoxy129.springboot.web.PostsApiControlerTest
2021-07-30 00:12:45.209  INFO 10400 --- [    Test worker] .b.t.c.SpringBootTestContextBootstrapper : Loaded default TestExecutionListener class names from location [META-INF/spring.factories]: [org.springframework.boot.test.autoconfigure.restdocs.RestDocsTestExecutionListener, org.springframework.boot.test.autoconfigure.web.client.MockRestServiceServerResetTestExecutionListener, org.springframework.boot.test.autoconfigure.web.servlet.MockMvcPrintOnlyOnFailureTestExecutionListener, org.springframework.boot.test.autoconfigure.web.servlet.WebDriverTestExecutionListener, org.springframework.boot.test.mock.mockito.MockitoTestExecutionListener, org.springframework.boot.test.mock.mockito.ResetMocksTestExecutionListener, org.springframework.test.context.web.ServletTestExecutionListener, org.springframework.test.context.support.DirtiesContextBeforeModesTestExecutionListener, org.springframework.test.context.support.DependencyInjectionTestExecutionListener, org.springframework.test.context.support.DirtiesContextTestExecutionListener, org.springframework.test.context.transaction.TransactionalTestExecutionListener, org.springframework.test.context.jdbc.SqlScriptsTestExecutionListener]
2021-07-30 00:12:45.209  INFO 10400 --- [    Test worker] .b.t.c.SpringBootTestContextBootstrapper : Using TestExecutionListeners: [org.springframework.test.context.web.ServletTestExecutionListener@4f73bf38, org.springframework.test.context.support.DirtiesContextBeforeModesTestExecutionListener@c06f638, org.springframework.boot.test.mock.mockito.MockitoTestExecutionListener@7482efcf, org.springframework.boot.test.autoconfigure.SpringBootDependencyInjectionTestExecutionListener@5a1dcc6d, org.springframework.test.context.support.DirtiesContextTestExecutionListener@8c52269, org.springframework.test.context.transaction.TransactionalTestExecutionListener@3349b27f, org.springframework.test.context.jdbc.SqlScriptsTestExecutionListener@5056cf4e, org.springframework.boot.test.autoconfigure.restdocs.RestDocsTestExecutionListener@641c1f8d, org.springframework.boot.test.autoconfigure.web.client.MockRestServiceServerResetTestExecutionListener@456baf0d, org.springframework.boot.test.autoconfigure.web.servlet.MockMvcPrintOnlyOnFailureTestExecutionListener@3b4f2795, org.springframework.boot.test.autoconfigure.web.servlet.WebDriverTestExecutionListener@5d85b30d, org.springframework.boot.test.mock.mockito.ResetMocksTestExecutionListener@59e13f47]

  .   ____          _            __ _ _
 /\\ / ___'_ __ _ _(_)_ __  __ _ \ \ \ \
( ( )\___ | '_ | '_| | '_ \/ _` | \ \ \ \
 \\/  ___)| |_)| | | | | || (_| |  ) ) ) )
  '  |____| .__|_| |_|_| |_\__, | / / / /
 =========|_|==============|___/=/_/_/_/
 :: Spring Boot ::        (v2.1.7.RELEASE)

2021-07-30 00:12:45.240  INFO 10400 --- [    Test worker] k.c.h.s.web.PostsApiControlerTest        : Starting PostsApiControlerTest on DESKTOP-RFCHF81 with PID 10400 (started by YW in C:\dev\workspace)
2021-07-30 00:12:45.240  INFO 10400 --- [    Test worker] k.c.h.s.web.PostsApiControlerTest        : No active profile set, falling back to default profiles: default
2021-07-30 00:12:45.365  INFO 10400 --- [    Test worker] .s.d.r.c.RepositoryConfigurationDelegate : Bootstrapping Spring Data repositories in DEFAULT mode.
2021-07-30 00:12:45.381  INFO 10400 --- [    Test worker] .s.d.r.c.RepositoryConfigurationDelegate : Finished Spring Data repository scanning in 16ms. Found 1 repository interfaces.
2021-07-30 00:12:45.428  INFO 10400 --- [    Test worker] trationDelegate$BeanPostProcessorChecker : Bean 'org.springframework.transaction.annotation.ProxyTransactionManagementConfiguration' of type [org.springframework.transaction.annotation.ProxyTransactionManagementConfiguration$$EnhancerBySpringCGLIB$$3d3fa9d1] is not eligible for getting processed by all BeanPostProcessors (for example: not eligible for auto-proxying)
2021-07-30 00:12:45.600  INFO 10400 --- [    Test worker] o.s.b.w.embedded.tomcat.TomcatWebServer  : Tomcat initialized with port(s): 0 (http)
2021-07-30 00:12:45.631  INFO 10400 --- [    Test worker] o.apache.catalina.core.StandardService   : Starting service [Tomcat]
2021-07-30 00:12:45.631  INFO 10400 --- [    Test worker] org.apache.catalina.core.StandardEngine  : Starting Servlet engine: [Apache Tomcat/9.0.22]
2021-07-30 00:12:45.787  INFO 10400 --- [    Test worker] o.a.c.c.C.[Tomcat].[localhost].[/]       : Initializing Spring embedded WebApplicationContext
2021-07-30 00:12:45.787  INFO 10400 --- [    Test worker] o.s.web.context.ContextLoader            : Root WebApplicationContext: initialization completed in 547 ms
2021-07-30 00:12:45.912  INFO 10400 --- [    Test worker] com.zaxxer.hikari.HikariDataSource       : HikariPool-2 - Starting...
2021-07-30 00:12:45.912  INFO 10400 --- [    Test worker] com.zaxxer.hikari.HikariDataSource       : HikariPool-2 - Start completed.
2021-07-30 00:12:45.928  INFO 10400 --- [    Test worker] o.hibernate.jpa.internal.util.LogHelper  : HHH000204: Processing PersistenceUnitInfo [
	name: default
	...]
2021-07-30 00:12:45.944  INFO 10400 --- [    Test worker] org.hibernate.dialect.Dialect            : HHH000400: Using dialect: org.hibernate.dialect.MySQL5InnoDBDialect
Hibernate: drop table if exists posts
Hibernate: create table posts (id bigint not null auto_increment, author varchar(255), content TEXT not null, title varchar(500) not null, primary key (id)) engine=InnoDB
2021-07-30 00:12:45.959  INFO 10400 --- [    Test worker] o.h.t.schema.internal.SchemaCreatorImpl  : HHH000476: Executing import script 'org.hibernate.tool.schema.internal.exec.ScriptSourceInputNonExistentImpl@45b47d9f'
2021-07-30 00:12:45.959  INFO 10400 --- [    Test worker] j.LocalContainerEntityManagerFactoryBean : Initialized JPA EntityManagerFactory for persistence unit 'default'
2021-07-30 00:12:46.147  INFO 10400 --- [    Test worker] o.s.s.concurrent.ThreadPoolTaskExecutor  : Initializing ExecutorService 'applicationTaskExecutor'
2021-07-30 00:12:46.147  WARN 10400 --- [    Test worker] aWebConfiguration$JpaWebMvcConfiguration : spring.jpa.open-in-view is enabled by default. Therefore, database queries may be performed during view rendering. Explicitly configure spring.jpa.open-in-view to disable this warning
2021-07-30 00:12:46.303  INFO 10400 --- [    Test worker] o.s.b.w.embedded.tomcat.TomcatWebServer  : Tomcat started on port(s): 14386 (http) with context path ''
2021-07-30 00:12:46.303  INFO 10400 --- [    Test worker] k.c.h.s.web.PostsApiControlerTest        : Started PostsApiControlerTest in 1.094 seconds (JVM running for 6.154)
2021-07-30 00:12:46.366  INFO 10400 --- [o-auto-1-exec-1] o.a.c.c.C.[Tomcat].[localhost].[/]       : Initializing Spring DispatcherServlet 'dispatcherServlet'
2021-07-30 00:12:46.366  INFO 10400 --- [o-auto-1-exec-1] o.s.web.servlet.DispatcherServlet        : Initializing Servlet 'dispatcherServlet'
2021-07-30 00:12:46.381  INFO 10400 --- [o-auto-1-exec-1] o.s.web.servlet.DispatcherServlet        : Completed initialization in 15 ms
Hibernate: insert into posts (author, content, title) values (?, ?, ?)
2021-07-30 00:12:46.444  INFO 10400 --- [    Test worker] o.h.h.i.QueryTranslatorFactoryInitiator  : HHH000397: Using ASTQueryTranslatorFactory
Hibernate: select posts0_.id as id1_0_, posts0_.author as author2_0_, posts0_.content as content3_0_, posts0_.title as title4_0_ from posts posts0_
Hibernate: select posts0_.id as id1_0_, posts0_.author as author2_0_, posts0_.content as content3_0_, posts0_.title as title4_0_ from posts posts0_
Hibernate: delete from posts where id=?
Hibernate: insert into posts (author, content, title) values (?, ?, ?)
Hibernate: select posts0_.id as id1_0_0_, posts0_.author as author2_0_0_, posts0_.content as content3_0_0_, posts0_.title as title4_0_0_ from posts posts0_ where posts0_.id=?
Hibernate: update posts set author=?, content=?, title=? where id=?
Hibernate: select posts0_.id as id1_0_, posts0_.author as author2_0_, posts0_.content as content3_0_, posts0_.title as title4_0_ from posts posts0_
Hibernate: select posts0_.id as id1_0_, posts0_.author as author2_0_, posts0_.content as content3_0_, posts0_.title as title4_0_ from posts posts0_
Hibernate: delete from posts where id=?
]]></system-out>
  <system-err><![CDATA[]]></system-err>
</testsuite>
