<?xml version="1.0" encoding="UTF-8"?>
<testsuite name="kro.co.hoxy129.springboot.web.HelloControllerTest" tests="2" skipped="0" failures="0" errors="0" timestamp="2021-07-29T15:12:45" hostname="DESKTOP-RFCHF81" time="0.108">
  <properties/>
  <testcase name="helloReturn" classname="kro.co.hoxy129.springboot.web.HelloControllerTest" time="0.049"/>
  <testcase name="helloDtoReturn" classname="kro.co.hoxy129.springboot.web.HelloControllerTest" time="0.058"/>
  <system-out><![CDATA[2021-07-30 00:12:44.662  INFO 10400 --- [    Test worker] .b.t.a.w.s.WebMvcTestContextBootstrapper : Neither @ContextConfiguration nor @ContextHierarchy found for test class [kro.co.hoxy129.springboot.web.HelloControllerTest], using SpringBootContextLoader
2021-07-30 00:12:44.662  INFO 10400 --- [    Test worker] o.s.t.c.support.AbstractContextLoader    : Could not detect default resource locations for test class [kro.co.hoxy129.springboot.web.HelloControllerTest]: no resource found for suffixes {-context.xml, Context.groovy}.
2021-07-30 00:12:44.662  INFO 10400 --- [    Test worker] t.c.s.AnnotationConfigContextLoaderUtils : Could not detect default configuration classes for test class [kro.co.hoxy129.springboot.web.HelloControllerTest]: HelloControllerTest does not declare any static, non-private, non-final, nested classes annotated with @Configuration.
2021-07-30 00:12:44.678  INFO 10400 --- [    Test worker] .b.t.c.SpringBootTestContextBootstrapper : Found @SpringBootConfiguration kro.co.hoxy129.springboot.Application for test class kro.co.hoxy129.springboot.web.HelloControllerTest
2021-07-30 00:12:44.678  INFO 10400 --- [    Test worker] .b.t.a.w.s.WebMvcTestContextBootstrapper : Loaded default TestExecutionListener class names from location [META-INF/spring.factories]: [org.springframework.boot.test.autoconfigure.restdocs.RestDocsTestExecutionListener, org.springframework.boot.test.autoconfigure.web.client.MockRestServiceServerResetTestExecutionListener, org.springframework.boot.test.autoconfigure.web.servlet.MockMvcPrintOnlyOnFailureTestExecutionListener, org.springframework.boot.test.autoconfigure.web.servlet.WebDriverTestExecutionListener, org.springframework.boot.test.mock.mockito.MockitoTestExecutionListener, org.springframework.boot.test.mock.mockito.ResetMocksTestExecutionListener, org.springframework.test.context.web.ServletTestExecutionListener, org.springframework.test.context.support.DirtiesContextBeforeModesTestExecutionListener, org.springframework.test.context.support.DependencyInjectionTestExecutionListener, org.springframework.test.context.support.DirtiesContextTestExecutionListener, org.springframework.test.context.transaction.TransactionalTestExecutionListener, org.springframework.test.context.jdbc.SqlScriptsTestExecutionListener]
2021-07-30 00:12:44.678  INFO 10400 --- [    Test worker] .b.t.a.w.s.WebMvcTestContextBootstrapper : Using TestExecutionListeners: [org.springframework.test.context.web.ServletTestExecutionListener@146dec58, org.springframework.test.context.support.DirtiesContextBeforeModesTestExecutionListener@20b609bf, org.springframework.boot.test.mock.mockito.MockitoTestExecutionListener@5159f983, org.springframework.boot.test.autoconfigure.SpringBootDependencyInjectionTestExecutionListener@29eeac50, org.springframework.test.context.support.DirtiesContextTestExecutionListener@521a8a19, org.springframework.test.context.transaction.TransactionalTestExecutionListener@42f19a14, org.springframework.test.context.jdbc.SqlScriptsTestExecutionListener@5cfaf628, org.springframework.boot.test.autoconfigure.restdocs.RestDocsTestExecutionListener@2a5dcb, org.springframework.boot.test.autoconfigure.web.client.MockRestServiceServerResetTestExecutionListener@6665595, org.springframework.boot.test.autoconfigure.web.servlet.MockMvcPrintOnlyOnFailureTestExecutionListener@48094e77, org.springframework.boot.test.autoconfigure.web.servlet.WebDriverTestExecutionListener@43c9bae8, org.springframework.boot.test.mock.mockito.ResetMocksTestExecutionListener@115f635f]

  .   ____          _            __ _ _
 /\\ / ___'_ __ _ _(_)_ __  __ _ \ \ \ \
( ( )\___ | '_ | '_| | '_ \/ _` | \ \ \ \
 \\/  ___)| |_)| | | | | || (_| |  ) ) ) )
  '  |____| .__|_| |_|_| |_\__, | / / / /
 =========|_|==============|___/=/_/_/_/
 :: Spring Boot ::        (v2.1.7.RELEASE)

2021-07-30 00:12:44.709  INFO 10400 --- [    Test worker] k.c.h.s.web.HelloControllerTest          : Starting HelloControllerTest on DESKTOP-RFCHF81 with PID 10400 (started by YW in C:\dev\workspace)
2021-07-30 00:12:44.709  INFO 10400 --- [    Test worker] k.c.h.s.web.HelloControllerTest          : No active profile set, falling back to default profiles: default
2021-07-30 00:12:44.975  INFO 10400 --- [    Test worker] o.s.s.concurrent.ThreadPoolTaskExecutor  : Initializing ExecutorService 'applicationTaskExecutor'
2021-07-30 00:12:45.069  INFO 10400 --- [    Test worker] o.s.b.t.m.w.SpringBootMockServletContext : Initializing Spring TestDispatcherServlet ''
2021-07-30 00:12:45.069  INFO 10400 --- [    Test worker] o.s.t.web.servlet.TestDispatcherServlet  : Initializing Servlet ''
2021-07-30 00:12:45.084  INFO 10400 --- [    Test worker] o.s.t.web.servlet.TestDispatcherServlet  : Completed initialization in 15 ms
2021-07-30 00:12:45.100  INFO 10400 --- [    Test worker] k.c.h.s.web.HelloControllerTest          : Started HelloControllerTest in 0.406 seconds (JVM running for 4.947)
]]></system-out>
  <system-err><![CDATA[]]></system-err>
</testsuite>
