<?xml version="1.0" encoding="UTF-8"?>
<testsuite name="kro.co.hoxy129.springboot.web.dto.HelloResponseDtoTest" tests="1" skipped="0" failures="0" errors="0" timestamp="2021-07-29T15:12:44" hostname="DESKTOP-RFCHF81" time="0.002">
  <properties/>
  <testcase name="lombokTest" classname="kro.co.hoxy129.springboot.web.dto.HelloResponseDtoTest" time="0.002"/>
  <system-out><![CDATA[]]></system-out>
  <system-err><![CDATA[]]></system-err>
</testsuite>
